*** Starting uWSGI 2.0.18 (64bit) on [Fri Aug 19 08:09:51 2022] ***
compiled with version: 10.2.1 20210110 on 19 August 2022 07:45:09
os: Linux-5.4.0-124-generic #140-Ubuntu SMP Thu Aug 4 02:23:37 UTC 2022
nodename: 78a04e4e6ab1
machine: x86_64
clock source: unix
pcre jit disabled
detected number of CPU cores: 2
current working directory: /var/www/html/myproject
writing pidfile to /tmp/myproject-master.pid
detected binary path: /usr/local/bin/uwsgi
chdir() to /var/www/html/myproject
your memory page size is 4096 bytes
 *** WARNING: you have enabled harakiri without post buffering. Slow upload could be rejected on post-unbuffered webservers *** 
detected max file descriptor number: 1048576
lock engine: pthread robust mutexes
thunder lock: disabled (you can enable it with --thunder-lock)
uwsgi socket 0 bound to TCP address 0.0.0.0:8000 fd 3
setgid() to 33
setuid() to 33
Python version: 3.7.13 (default, Aug  2 2022, 12:08:32)  [GCC 10.2.1 20210110]
Python main interpreter initialized at 0x555fd53ca030
python threads support enabled
your server socket listen backlog is limited to 100 connections
your mercy for graceful operations on workers is 60 seconds
mapped 403077 bytes (393 KB) for 2 cores
*** Operational MODE: preforking ***
WSGI app 0 (mountpoint='') ready in 0 seconds on interpreter 0x555fd53ca030 pid: 51 (default app)
*** uWSGI is running in multiple interpreter mode ***
spawned uWSGI master process (pid: 51)
spawned uWSGI worker 1 (pid: 52, cores: 1)
spawned uWSGI worker 2 (pid: 53, cores: 1)
Python auto-reloader enabled
{address space usage: 153382912 bytes/146MB} {rss usage: 32538624 bytes/31MB} [pid: 52|app: 0|req: 1/1] 192.168.101.22 () {40 vars in 751 bytes} [Fri Aug 19 08:10:10 2022] GET / => generated 16351 bytes in 55 msecs (HTTP/1.1 200) 4 headers in 123 bytes (1 switches on core 0)
Not Found: /favicon.ico
{address space usage: 153489408 bytes/146MB} {rss usage: 32677888 bytes/31MB} [pid: 53|app: 0|req: 1/2] 192.168.101.22 () {40 vars in 705 bytes} [Fri Aug 19 08:10:11 2022] GET /favicon.ico => generated 1975 bytes in 60 msecs (HTTP/1.1 404) 4 headers in 129 bytes (1 switches on core 0)
